d:\documents\csc8502 - advanced graphics for games\graphics code 2015\graphicsframework\graphics for games\12) per fragment lighting b\debug\vc140.pdb
d:\documents\csc8502 - advanced graphics for games\graphics code 2015\graphicsframework\graphics for games\12) per fragment lighting b\debug\vc140.idb
d:\documents\csc8502 - advanced graphics for games\graphics code 2015\graphicsframework\graphics for games\12) per fragment lighting b\debug\renderer.obj
d:\documents\csc8502 - advanced graphics for games\graphics code 2015\graphicsframework\graphics for games\12) per fragment lighting b\debug\tutorial12.obj
d:\documents\csc8502 - advanced graphics for games\graphics code 2015\graphicsframework\graphics for games\debug\tutorial 12 - real-time lighting b.ilk
d:\documents\csc8502 - advanced graphics for games\graphics code 2015\graphicsframework\graphics for games\debug\tutorial 12 - real-time lighting b.exe
d:\documents\csc8502 - advanced graphics for games\graphics code 2015\graphicsframework\graphics for games\debug\tutorial 12 - real-time lighting b.pdb
d:\documents\csc8502 - advanced graphics for games\graphics code 2015 (cw)\graphicscw\graphics for games\12) per fragment lighting b\debug\renderer.obj
d:\documents\csc8502 - advanced graphics for games\graphics code 2015 (cw)\graphicscw\graphics for games\12) per fragment lighting b\debug\tutorial12.obj
d:\documents\csc8502 - advanced graphics for games\graphics code 2015 (cw)\graphicscw\graphics for games\12) per fragment lighting b\debug\vc140.idb
d:\documents\csc8502 - advanced graphics for games\graphics code 2015 (cw)\graphicscw\graphics for games\12) per fragment lighting b\debug\vc140.pdb
d:\documents\csc8502 - advanced graphics for games\graphics code 2015 (cw)\graphicscw\graphics for games\debug\tutorial 12 - real-time lighting b.pdb
d:\documents\csc8502 - advanced graphics for games\graphics code 2015 (cw)\graphicscw\graphics for games\debug\tutorial 12 - real-time lighting b.exe
d:\documents\csc8502 - advanced graphics for games\graphics code 2015 (cw)\graphicscw\graphics for games\debug\tutorial 12 - real-time lighting b.ilk
d:\documents\csc8502 - advanced graphics for games\graphics code 2015 (cw)\graphicscw\graphics for games\12) per fragment lighting b\debug\tutorial.dc9f082d.tlog\cl.command.1.tlog
d:\documents\csc8502 - advanced graphics for games\graphics code 2015 (cw)\graphicscw\graphics for games\12) per fragment lighting b\debug\tutorial.dc9f082d.tlog\cl.read.1.tlog
d:\documents\csc8502 - advanced graphics for games\graphics code 2015 (cw)\graphicscw\graphics for games\12) per fragment lighting b\debug\tutorial.dc9f082d.tlog\cl.write.1.tlog
d:\documents\csc8502 - advanced graphics for games\graphics code 2015 (cw)\graphicscw\graphics for games\12) per fragment lighting b\debug\tutorial.dc9f082d.tlog\link.command.1.tlog
d:\documents\csc8502 - advanced graphics for games\graphics code 2015 (cw)\graphicscw\graphics for games\12) per fragment lighting b\debug\tutorial.dc9f082d.tlog\link.read.1.tlog
d:\documents\csc8502 - advanced graphics for games\graphics code 2015 (cw)\graphicscw\graphics for games\12) per fragment lighting b\debug\tutorial.dc9f082d.tlog\link.write.1.tlog
