d:\documents\csc8502 - advanced graphics for games\graphics code 2015\graphicsframework\graphics for games\extra - drawing text\debug\vc120.pdb
d:\documents\csc8502 - advanced graphics for games\graphics code 2015\graphicsframework\graphics for games\extra - drawing text\debug\vc120.idb
d:\documents\csc8502 - advanced graphics for games\graphics code 2015\graphicsframework\graphics for games\extra - drawing text\debug\drawing text.obj
d:\documents\csc8502 - advanced graphics for games\graphics code 2015\graphicsframework\graphics for games\extra - drawing text\debug\renderer.obj
d:\documents\csc8502 - advanced graphics for games\graphics code 2015\graphicsframework\graphics for games\extra - drawing text\debug\textmesh.obj
d:\documents\csc8502 - advanced graphics for games\graphics code 2015 (cw)\graphicscw\graphics for games\extra - drawing text\debug\drawing text.obj
d:\documents\csc8502 - advanced graphics for games\graphics code 2015 (cw)\graphicscw\graphics for games\extra - drawing text\debug\renderer.obj
d:\documents\csc8502 - advanced graphics for games\graphics code 2015 (cw)\graphicscw\graphics for games\extra - drawing text\debug\textmesh.obj
d:\documents\csc8502 - advanced graphics for games\graphics code 2015 (cw)\graphicscw\graphics for games\extra - drawing text\debug\vc120.idb
d:\documents\csc8502 - advanced graphics for games\graphics code 2015 (cw)\graphicscw\graphics for games\extra - drawing text\debug\vc120.pdb
d:\documents\csc8502 - advanced graphics for games\graphics code 2015 (cw)\graphicscw\graphics for games\debug\extra - drawing text.pdb
d:\documents\csc8502 - advanced graphics for games\graphics code 2015 (cw)\graphicscw\graphics for games\extra - drawing text\debug\extra - .d0afe823.tlog\cl.command.1.tlog
d:\documents\csc8502 - advanced graphics for games\graphics code 2015 (cw)\graphicscw\graphics for games\extra - drawing text\debug\extra - .d0afe823.tlog\cl.read.1.tlog
d:\documents\csc8502 - advanced graphics for games\graphics code 2015 (cw)\graphicscw\graphics for games\extra - drawing text\debug\extra - .d0afe823.tlog\cl.write.1.tlog
d:\documents\csc8502 - advanced graphics for games\graphics code 2015 (cw)\graphicscw\graphics for games\extra - drawing text\debug\extra - .d0afe823.tlog\link-cvtres.read.1.tlog
d:\documents\csc8502 - advanced graphics for games\graphics code 2015 (cw)\graphicscw\graphics for games\extra - drawing text\debug\extra - .d0afe823.tlog\link-cvtres.write.1.tlog
d:\documents\csc8502 - advanced graphics for games\graphics code 2015 (cw)\graphicscw\graphics for games\extra - drawing text\debug\extra - .d0afe823.tlog\link-rc.read.1.tlog
d:\documents\csc8502 - advanced graphics for games\graphics code 2015 (cw)\graphicscw\graphics for games\extra - drawing text\debug\extra - .d0afe823.tlog\link-rc.write.1.tlog
d:\documents\csc8502 - advanced graphics for games\graphics code 2015 (cw)\graphicscw\graphics for games\extra - drawing text\debug\extra - .d0afe823.tlog\link.command.1.tlog
d:\documents\csc8502 - advanced graphics for games\graphics code 2015 (cw)\graphicscw\graphics for games\extra - drawing text\debug\extra - .d0afe823.tlog\link.read.1.tlog
d:\documents\csc8502 - advanced graphics for games\graphics code 2015 (cw)\graphicscw\graphics for games\extra - drawing text\debug\extra - .d0afe823.tlog\link.write.1.tlog
